<?xml version="1.0" encoding="UTF-8"?>
<!-- Generated by org.testng.reporters.JUnitReportReporter -->
<testsuite skipped="0" hostname="DESKTOP-C73GG4F" name="tests.Tests" tests="2" failures="0" timestamp="18 Oct 2019 10:20:03 GMT" time="5.092" errors="0">
  <testcase name="sampleTest" time="0.000" classname="tests.Tests"/>
  <testcase name="testFive" time="5.092" classname="tests.Tests"/>
</testsuite> <!-- tests.Tests -->
