<?xml version="1.0" encoding="UTF-8"?>
<!-- Generated by org.testng.reporters.JUnitReportReporter -->
<testsuite skipped="0" hostname="DESKTOP-C73GG4F" name="tests.BaseClass" tests="1" failures="0" timestamp="18 Oct 2019 05:31:25 GMT" time="7.407" errors="0">
  <testcase name="sampleTest" time="7.407" classname="tests.BaseClass"/>
</testsuite> <!-- tests.BaseClass -->
